<?xml version="1.0" encoding="utf-8"?><testsuites name="pytest tests"><testsuite name="pytest" errors="0" failures="1" skipped="0" tests="1" time="0.079" timestamp="2025-11-17T14:16:11.840609-06:00" hostname="HoaLaptop"><testcase classname="Project.HNguyen unit tests.refreshingAssignment_test" name="test_drinkSetBase" file="Project\HNguyen unit tests\refreshingAssignment_test.py" line="31" time="0.001"><failure message="Failed: DID NOT RAISE &lt;class 'OSError'&gt;">def test_drinkSetBase():
        '''should change base to "water"'''
        testDrink.set_base("water")
        assert testDrink.get_base() == "water"
&gt;       with pytest.raises(OSError):
             ^^^^^^^^^^^^^^^^^^^^^^
E       Failed: DID NOT RAISE &lt;class 'OSError'&gt;

Project\HNguyen unit tests\refreshingAssignment_test.py:36: Failed</failure><system-out>--------------------------------- Captured Log ---------------------------------

--------------------------------- Captured Out ---------------------------------

</system-out><system-err>--------------------------------- Captured Err ---------------------------------

</system-err></testcase></testsuite></testsuites>