<?xml version="1.0" encoding="utf-8"?><testsuites name="pytest tests"><testsuite name="pytest" errors="0" failures="1" skipped="0" tests="1" time="0.065" timestamp="2025-11-17T14:30:51.244377-06:00" hostname="HoaLaptop"><testcase classname="Project.HNguyen unit tests.refreshingAssignment_test" name="test_orderAddItem" file="Project\HNguyen unit tests\refreshingAssignment_test.py" line="81" time="0.001"><failure message="OSError: &lt;refreshingAssignment.Order object at 0x0000021F7A02B8C0&gt; is not a drink instance">def test_orderAddItem():
        '''adds a second instance of the first order'''
&gt;       testOrder.add_item(testOrder)

Project\HNguyen unit tests\refreshingAssignment_test.py:84: 
_ _ _ _ _ _ _ _ _ _ _ _ _ _ _ _ _ _ _ _ _ _ _ _ _ _ _ _ _ _ _ _ _ _ _ _ _ _ _ _

self = &lt;refreshingAssignment.Order object at 0x0000021F7A02B8C0&gt;
drink = &lt;refreshingAssignment.Order object at 0x0000021F7A02B8C0&gt;

    def add_item(self, drink):
        if not isinstance(drink,Drink):
&gt;           raise error(f"{drink} is not a drink instance")
E           OSError: &lt;refreshingAssignment.Order object at 0x0000021F7A02B8C0&gt; is not a drink instance

Project\HNguyen unit tests\refreshingAssignment.py:58: OSError</failure><system-out>--------------------------------- Captured Log ---------------------------------

--------------------------------- Captured Out ---------------------------------

</system-out><system-err>--------------------------------- Captured Err ---------------------------------

</system-err></testcase></testsuite></testsuites>